[debug] [2021-04-06T07:11:34.827Z] ----------------------------------------------------------------------
[debug] [2021-04-06T07:11:34.829Z] Command:       /usr/local/bin/node /usr/local/bin/firebase deploy
[debug] [2021-04-06T07:11:34.829Z] CLI Version:   9.8.0
[debug] [2021-04-06T07:11:34.829Z] Platform:      darwin
[debug] [2021-04-06T07:11:34.829Z] Node Version:  v12.14.0
[debug] [2021-04-06T07:11:34.830Z] Time:          Tue Apr 06 2021 00:11:34 GMT-0700 (Pacific Daylight Time)
[debug] [2021-04-06T07:11:34.830Z] ----------------------------------------------------------------------
[debug] 
[debug] [2021-04-06T07:11:34.838Z] > command requires scopes: ["email","openid","https://www.googleapis.com/auth/cloudplatformprojects.readonly","https://www.googleapis.com/auth/firebase","https://www.googleapis.com/auth/cloud-platform"]
[debug] [2021-04-06T07:11:34.839Z] > authorizing via signed-in user
[debug] [2021-04-06T07:11:34.839Z] [iam] checking project girlsforcoding for permissions ["firebase.projects.get","firebasehosting.sites.update"]
[debug] [2021-04-06T07:11:34.840Z] >>> HTTP REQUEST POST https://cloudresourcemanager.googleapis.com/v1/projects/girlsforcoding:testIamPermissions  
 {"permissions":["firebase.projects.get","firebasehosting.sites.update"]}
[debug] [2021-04-06T07:11:35.682Z] <<< HTTP RESPONSE 200 {"content-type":"application/json; charset=UTF-8","vary":"X-Origin, Referer, Origin,Accept-Encoding","date":"Tue, 06 Apr 2021 07:11:35 GMT","server":"ESF","cache-control":"private","x-xss-protection":"0","x-frame-options":"SAMEORIGIN","x-content-type-options":"nosniff","server-timing":"gfet4t7; dur=174","alt-svc":"h3-29=\":443\"; ma=2592000,h3-T051=\":443\"; ma=2592000,h3-Q050=\":443\"; ma=2592000,h3-Q046=\":443\"; ma=2592000,h3-Q043=\":443\"; ma=2592000,quic=\":443\"; ma=2592000; v=\"46,43\"","accept-ranges":"none","transfer-encoding":"chunked"}
[debug] [2021-04-06T07:11:35.684Z] > refreshing access token with scopes: []
[debug] [2021-04-06T07:11:35.684Z] >>> HTTP REQUEST POST https://www.googleapis.com/oauth2/v3/token  
 <request body omitted>
[debug] [2021-04-06T07:12:51.159Z] Authentication Error: Your credentials are no longer valid. Please run firebase login --reauth

For CI servers and headless environments, generate a new token with firebase login:ci
[debug] [2021-04-06T07:12:51.160Z] FirebaseError: Authentication Error: Your credentials are no longer valid. Please run firebase login --reauth

For CI servers and headless environments, generate a new token with firebase login:ci
    at invalidCredentialError (/usr/local/lib/node_modules/firebase-tools/lib/auth.js:26:12)
    at refreshTokens (/usr/local/lib/node_modules/firebase-tools/lib/auth.js:297:15)
    at processTicksAndRejections (internal/process/task_queues.js:93:5)
[error] 
[error] Error: Failed to get Firebase project girlsforcoding. Please make sure the project exists and your account has permission to access it.
